10-Apr-2019 17:32:31.540 INFO [main] org.apache.catalina.startup.VersionLoggerListener.log Server version name:   Apache Tomcat/9.0.17
10-Apr-2019 17:32:31.543 INFO [main] org.apache.catalina.startup.VersionLoggerListener.log Server built:          Mar 13 2019 15:55:27 UTC
10-Apr-2019 17:32:31.543 INFO [main] org.apache.catalina.startup.VersionLoggerListener.log Server version number: 9.0.17.0
10-Apr-2019 17:32:31.543 INFO [main] org.apache.catalina.startup.VersionLoggerListener.log OS Name:               Mac OS X
10-Apr-2019 17:32:31.543 INFO [main] org.apache.catalina.startup.VersionLoggerListener.log OS Version:            10.13.6
10-Apr-2019 17:32:31.543 INFO [main] org.apache.catalina.startup.VersionLoggerListener.log Architecture:          x86_64
10-Apr-2019 17:32:31.543 INFO [main] org.apache.catalina.startup.VersionLoggerListener.log Java Home:             /Library/Java/JavaVirtualMachines/jdk1.8.0_201.jdk/Contents/Home/jre
10-Apr-2019 17:32:31.544 INFO [main] org.apache.catalina.startup.VersionLoggerListener.log JVM Version:           1.8.0_201-b09
10-Apr-2019 17:32:31.544 INFO [main] org.apache.catalina.startup.VersionLoggerListener.log JVM Vendor:            Oracle Corporation
10-Apr-2019 17:32:31.544 INFO [main] org.apache.catalina.startup.VersionLoggerListener.log CATALINA_BASE:         /Users/edgartrendon/Downloads/apache-tomcat-9.0.17
10-Apr-2019 17:32:31.544 INFO [main] org.apache.catalina.startup.VersionLoggerListener.log CATALINA_HOME:         /Users/edgartrendon/Downloads/apache-tomcat-9.0.17
10-Apr-2019 17:32:31.545 INFO [main] org.apache.catalina.startup.VersionLoggerListener.log Command line argument: -Djava.util.logging.config.file=/Users/edgartrendon/Downloads/apache-tomcat-9.0.17/conf/logging.properties
10-Apr-2019 17:32:31.545 INFO [main] org.apache.catalina.startup.VersionLoggerListener.log Command line argument: -Djava.util.logging.manager=org.apache.juli.ClassLoaderLogManager
10-Apr-2019 17:32:31.545 INFO [main] org.apache.catalina.startup.VersionLoggerListener.log Command line argument: -Djdk.tls.ephemeralDHKeySize=2048
10-Apr-2019 17:32:31.545 INFO [main] org.apache.catalina.startup.VersionLoggerListener.log Command line argument: -Djava.protocol.handler.pkgs=org.apache.catalina.webresources
10-Apr-2019 17:32:31.545 INFO [main] org.apache.catalina.startup.VersionLoggerListener.log Command line argument: -Dorg.apache.catalina.security.SecurityListener.UMASK=0027
10-Apr-2019 17:32:31.545 INFO [main] org.apache.catalina.startup.VersionLoggerListener.log Command line argument: -Dignore.endorsed.dirs=
10-Apr-2019 17:32:31.545 INFO [main] org.apache.catalina.startup.VersionLoggerListener.log Command line argument: -Dcatalina.base=/Users/edgartrendon/Downloads/apache-tomcat-9.0.17
10-Apr-2019 17:32:31.545 INFO [main] org.apache.catalina.startup.VersionLoggerListener.log Command line argument: -Dcatalina.home=/Users/edgartrendon/Downloads/apache-tomcat-9.0.17
10-Apr-2019 17:32:31.546 INFO [main] org.apache.catalina.startup.VersionLoggerListener.log Command line argument: -Djava.io.tmpdir=/Users/edgartrendon/Downloads/apache-tomcat-9.0.17/temp
10-Apr-2019 17:32:31.546 INFO [main] org.apache.catalina.core.AprLifecycleListener.lifecycleEvent The APR based Apache Tomcat Native library which allows optimal performance in production environments was not found on the java.library.path: [/Users/edgartrendon/Library/Java/Extensions:/Library/Java/Extensions:/Network/Library/Java/Extensions:/System/Library/Java/Extensions:/usr/lib/java:.]
10-Apr-2019 17:32:31.718 INFO [main] org.apache.coyote.AbstractProtocol.init Initializing ProtocolHandler ["http-nio-8080"]
10-Apr-2019 17:32:31.755 INFO [main] org.apache.coyote.AbstractProtocol.init Initializing ProtocolHandler ["ajp-nio-8009"]
10-Apr-2019 17:32:31.758 INFO [main] org.apache.catalina.startup.Catalina.load Server initialization in [623] milliseconds
10-Apr-2019 17:32:31.785 INFO [main] org.apache.catalina.core.StandardService.startInternal Starting service [Catalina]
10-Apr-2019 17:32:31.785 INFO [main] org.apache.catalina.core.StandardEngine.startInternal Starting Servlet engine: [Apache Tomcat/9.0.17]
10-Apr-2019 17:32:31.794 INFO [main] org.apache.catalina.startup.HostConfig.deployDirectory Deploying web application directory [/Users/edgartrendon/Downloads/apache-tomcat-9.0.17/webapps/docs]
10-Apr-2019 17:32:32.071 INFO [main] org.apache.catalina.startup.HostConfig.deployDirectory Deployment of web application directory [/Users/edgartrendon/Downloads/apache-tomcat-9.0.17/webapps/docs] has finished in [276] ms
10-Apr-2019 17:32:32.071 INFO [main] org.apache.catalina.startup.HostConfig.deployDirectory Deploying web application directory [/Users/edgartrendon/Downloads/apache-tomcat-9.0.17/webapps/manager]
10-Apr-2019 17:32:32.096 INFO [main] org.apache.catalina.startup.HostConfig.deployDirectory Deployment of web application directory [/Users/edgartrendon/Downloads/apache-tomcat-9.0.17/webapps/manager] has finished in [25] ms
10-Apr-2019 17:32:32.097 INFO [main] org.apache.catalina.startup.HostConfig.deployDirectory Deploying web application directory [/Users/edgartrendon/Downloads/apache-tomcat-9.0.17/webapps/examples]
10-Apr-2019 17:32:32.305 INFO [main] org.apache.catalina.startup.HostConfig.deployDirectory Deployment of web application directory [/Users/edgartrendon/Downloads/apache-tomcat-9.0.17/webapps/examples] has finished in [207] ms
10-Apr-2019 17:32:32.305 INFO [main] org.apache.catalina.startup.HostConfig.deployDirectory Deploying web application directory [/Users/edgartrendon/Downloads/apache-tomcat-9.0.17/webapps/ROOT]
10-Apr-2019 17:32:32.316 INFO [main] org.apache.catalina.startup.HostConfig.deployDirectory Deployment of web application directory [/Users/edgartrendon/Downloads/apache-tomcat-9.0.17/webapps/ROOT] has finished in [11] ms
10-Apr-2019 17:32:32.316 INFO [main] org.apache.catalina.startup.HostConfig.deployDirectory Deploying web application directory [/Users/edgartrendon/Downloads/apache-tomcat-9.0.17/webapps/host-manager]
10-Apr-2019 17:32:32.330 INFO [main] org.apache.catalina.startup.HostConfig.deployDirectory Deployment of web application directory [/Users/edgartrendon/Downloads/apache-tomcat-9.0.17/webapps/host-manager] has finished in [14] ms
10-Apr-2019 17:32:32.332 INFO [main] org.apache.coyote.AbstractProtocol.start Starting ProtocolHandler ["http-nio-8080"]
10-Apr-2019 17:32:32.338 INFO [main] org.apache.coyote.AbstractProtocol.start Starting ProtocolHandler ["ajp-nio-8009"]
10-Apr-2019 17:32:32.340 INFO [main] org.apache.catalina.startup.Catalina.start Server startup in [582] milliseconds
10-Apr-2019 17:36:15.455 WARNING [http-nio-8080-exec-3] org.apache.catalina.realm.LockOutRealm.filterLockedAccounts An attempt was made to authenticate the locked user [admin]
10-Apr-2019 17:36:21.061 WARNING [http-nio-8080-exec-2] org.apache.catalina.realm.LockOutRealm.filterLockedAccounts An attempt was made to authenticate the locked user [admin]
10-Apr-2019 17:40:12.535 INFO [Catalina-utility-1] org.apache.catalina.users.MemoryUserDatabase.backgroundProcess Reloading memory user database [UserDatabase] from updated source [file:/Users/edgartrendon/Downloads/apache-tomcat-9.0.17/conf/tomcat-users.xml]
10-Apr-2019 17:40:31.550 INFO [main] org.apache.catalina.core.StandardServer.await A valid shutdown command was received via the shutdown port. Stopping the Server instance.
10-Apr-2019 17:40:31.551 INFO [main] org.apache.coyote.AbstractProtocol.pause Pausing ProtocolHandler ["http-nio-8080"]
10-Apr-2019 17:40:31.560 INFO [main] org.apache.coyote.AbstractProtocol.pause Pausing ProtocolHandler ["ajp-nio-8009"]
10-Apr-2019 17:40:31.568 INFO [main] org.apache.catalina.core.StandardService.stopInternal Stopping service [Catalina]
10-Apr-2019 17:40:31.591 INFO [main] org.apache.coyote.AbstractProtocol.stop Stopping ProtocolHandler ["http-nio-8080"]
10-Apr-2019 17:40:31.593 INFO [main] org.apache.coyote.AbstractProtocol.stop Stopping ProtocolHandler ["ajp-nio-8009"]
10-Apr-2019 17:40:31.594 INFO [main] org.apache.coyote.AbstractProtocol.destroy Destroying ProtocolHandler ["http-nio-8080"]
10-Apr-2019 17:40:31.594 INFO [main] org.apache.coyote.AbstractProtocol.destroy Destroying ProtocolHandler ["ajp-nio-8009"]
10-Apr-2019 17:41:04.209 INFO [main] org.apache.catalina.startup.VersionLoggerListener.log Server version name:   Apache Tomcat/9.0.17
10-Apr-2019 17:41:04.211 INFO [main] org.apache.catalina.startup.VersionLoggerListener.log Server built:          Mar 13 2019 15:55:27 UTC
10-Apr-2019 17:41:04.211 INFO [main] org.apache.catalina.startup.VersionLoggerListener.log Server version number: 9.0.17.0
10-Apr-2019 17:41:04.212 INFO [main] org.apache.catalina.startup.VersionLoggerListener.log OS Name:               Mac OS X
10-Apr-2019 17:41:04.212 INFO [main] org.apache.catalina.startup.VersionLoggerListener.log OS Version:            10.13.6
10-Apr-2019 17:41:04.212 INFO [main] org.apache.catalina.startup.VersionLoggerListener.log Architecture:          x86_64
10-Apr-2019 17:41:04.212 INFO [main] org.apache.catalina.startup.VersionLoggerListener.log Java Home:             /Library/Java/JavaVirtualMachines/jdk1.8.0_201.jdk/Contents/Home/jre
10-Apr-2019 17:41:04.212 INFO [main] org.apache.catalina.startup.VersionLoggerListener.log JVM Version:           1.8.0_201-b09
10-Apr-2019 17:41:04.212 INFO [main] org.apache.catalina.startup.VersionLoggerListener.log JVM Vendor:            Oracle Corporation
10-Apr-2019 17:41:04.212 INFO [main] org.apache.catalina.startup.VersionLoggerListener.log CATALINA_BASE:         /Users/edgartrendon/Downloads/apache-tomcat-9.0.17
10-Apr-2019 17:41:04.212 INFO [main] org.apache.catalina.startup.VersionLoggerListener.log CATALINA_HOME:         /Users/edgartrendon/Downloads/apache-tomcat-9.0.17
10-Apr-2019 17:41:04.213 INFO [main] org.apache.catalina.startup.VersionLoggerListener.log Command line argument: -Djava.util.logging.config.file=/Users/edgartrendon/Downloads/apache-tomcat-9.0.17/conf/logging.properties
10-Apr-2019 17:41:04.213 INFO [main] org.apache.catalina.startup.VersionLoggerListener.log Command line argument: -Djava.util.logging.manager=org.apache.juli.ClassLoaderLogManager
10-Apr-2019 17:41:04.213 INFO [main] org.apache.catalina.startup.VersionLoggerListener.log Command line argument: -Djdk.tls.ephemeralDHKeySize=2048
10-Apr-2019 17:41:04.214 INFO [main] org.apache.catalina.startup.VersionLoggerListener.log Command line argument: -Djava.protocol.handler.pkgs=org.apache.catalina.webresources
10-Apr-2019 17:41:04.214 INFO [main] org.apache.catalina.startup.VersionLoggerListener.log Command line argument: -Dorg.apache.catalina.security.SecurityListener.UMASK=0027
10-Apr-2019 17:41:04.214 INFO [main] org.apache.catalina.startup.VersionLoggerListener.log Command line argument: -Dignore.endorsed.dirs=
10-Apr-2019 17:41:04.216 INFO [main] org.apache.catalina.startup.VersionLoggerListener.log Command line argument: -Dcatalina.base=/Users/edgartrendon/Downloads/apache-tomcat-9.0.17
10-Apr-2019 17:41:04.216 INFO [main] org.apache.catalina.startup.VersionLoggerListener.log Command line argument: -Dcatalina.home=/Users/edgartrendon/Downloads/apache-tomcat-9.0.17
10-Apr-2019 17:41:04.216 INFO [main] org.apache.catalina.startup.VersionLoggerListener.log Command line argument: -Djava.io.tmpdir=/Users/edgartrendon/Downloads/apache-tomcat-9.0.17/temp
10-Apr-2019 17:41:04.216 INFO [main] org.apache.catalina.core.AprLifecycleListener.lifecycleEvent The APR based Apache Tomcat Native library which allows optimal performance in production environments was not found on the java.library.path: [/Users/edgartrendon/Library/Java/Extensions:/Library/Java/Extensions:/Network/Library/Java/Extensions:/System/Library/Java/Extensions:/usr/lib/java:.]
10-Apr-2019 17:41:04.320 INFO [main] org.apache.coyote.AbstractProtocol.init Initializing ProtocolHandler ["http-nio-8080"]
10-Apr-2019 17:41:04.349 INFO [main] org.apache.coyote.AbstractProtocol.init Initializing ProtocolHandler ["ajp-nio-8009"]
10-Apr-2019 17:41:04.351 INFO [main] org.apache.catalina.startup.Catalina.load Server initialization in [465] milliseconds
10-Apr-2019 17:41:04.374 INFO [main] org.apache.catalina.core.StandardService.startInternal Starting service [Catalina]
10-Apr-2019 17:41:04.375 INFO [main] org.apache.catalina.core.StandardEngine.startInternal Starting Servlet engine: [Apache Tomcat/9.0.17]
10-Apr-2019 17:41:04.381 INFO [main] org.apache.catalina.startup.HostConfig.deployDirectory Deploying web application directory [/Users/edgartrendon/Downloads/apache-tomcat-9.0.17/webapps/docs]
10-Apr-2019 17:41:04.612 INFO [main] org.apache.catalina.startup.HostConfig.deployDirectory Deployment of web application directory [/Users/edgartrendon/Downloads/apache-tomcat-9.0.17/webapps/docs] has finished in [231] ms
10-Apr-2019 17:41:04.612 INFO [main] org.apache.catalina.startup.HostConfig.deployDirectory Deploying web application directory [/Users/edgartrendon/Downloads/apache-tomcat-9.0.17/webapps/manager]
10-Apr-2019 17:41:04.637 INFO [main] org.apache.catalina.startup.HostConfig.deployDirectory Deployment of web application directory [/Users/edgartrendon/Downloads/apache-tomcat-9.0.17/webapps/manager] has finished in [25] ms
10-Apr-2019 17:41:04.638 INFO [main] org.apache.catalina.startup.HostConfig.deployDirectory Deploying web application directory [/Users/edgartrendon/Downloads/apache-tomcat-9.0.17/webapps/examples]
10-Apr-2019 17:41:04.839 INFO [main] org.apache.catalina.startup.HostConfig.deployDirectory Deployment of web application directory [/Users/edgartrendon/Downloads/apache-tomcat-9.0.17/webapps/examples] has finished in [201] ms
10-Apr-2019 17:41:04.839 INFO [main] org.apache.catalina.startup.HostConfig.deployDirectory Deploying web application directory [/Users/edgartrendon/Downloads/apache-tomcat-9.0.17/webapps/ROOT]
10-Apr-2019 17:41:04.851 INFO [main] org.apache.catalina.startup.HostConfig.deployDirectory Deployment of web application directory [/Users/edgartrendon/Downloads/apache-tomcat-9.0.17/webapps/ROOT] has finished in [12] ms
10-Apr-2019 17:41:04.851 INFO [main] org.apache.catalina.startup.HostConfig.deployDirectory Deploying web application directory [/Users/edgartrendon/Downloads/apache-tomcat-9.0.17/webapps/host-manager]
10-Apr-2019 17:41:04.864 INFO [main] org.apache.catalina.startup.HostConfig.deployDirectory Deployment of web application directory [/Users/edgartrendon/Downloads/apache-tomcat-9.0.17/webapps/host-manager] has finished in [13] ms
10-Apr-2019 17:41:04.866 INFO [main] org.apache.coyote.AbstractProtocol.start Starting ProtocolHandler ["http-nio-8080"]
10-Apr-2019 17:41:04.872 INFO [main] org.apache.coyote.AbstractProtocol.start Starting ProtocolHandler ["ajp-nio-8009"]
10-Apr-2019 17:41:04.873 INFO [main] org.apache.catalina.startup.Catalina.start Server startup in [522] milliseconds
10-Apr-2019 17:42:50.356 INFO [main] org.apache.catalina.core.StandardServer.await A valid shutdown command was received via the shutdown port. Stopping the Server instance.
10-Apr-2019 17:42:50.356 INFO [main] org.apache.coyote.AbstractProtocol.pause Pausing ProtocolHandler ["http-nio-8080"]
10-Apr-2019 17:42:50.366 INFO [main] org.apache.coyote.AbstractProtocol.pause Pausing ProtocolHandler ["ajp-nio-8009"]
10-Apr-2019 17:42:50.374 INFO [main] org.apache.catalina.core.StandardService.stopInternal Stopping service [Catalina]
10-Apr-2019 17:42:50.393 INFO [main] org.apache.coyote.AbstractProtocol.stop Stopping ProtocolHandler ["http-nio-8080"]
10-Apr-2019 17:42:50.395 INFO [main] org.apache.coyote.AbstractProtocol.stop Stopping ProtocolHandler ["ajp-nio-8009"]
10-Apr-2019 17:42:50.396 INFO [main] org.apache.coyote.AbstractProtocol.destroy Destroying ProtocolHandler ["http-nio-8080"]
10-Apr-2019 17:42:50.396 INFO [main] org.apache.coyote.AbstractProtocol.destroy Destroying ProtocolHandler ["ajp-nio-8009"]
10-Apr-2019 17:44:24.543 INFO [main] org.apache.catalina.startup.VersionLoggerListener.log Server version name:   Apache Tomcat/9.0.17
10-Apr-2019 17:44:24.546 INFO [main] org.apache.catalina.startup.VersionLoggerListener.log Server built:          Mar 13 2019 15:55:27 UTC
10-Apr-2019 17:44:24.546 INFO [main] org.apache.catalina.startup.VersionLoggerListener.log Server version number: 9.0.17.0
10-Apr-2019 17:44:24.546 INFO [main] org.apache.catalina.startup.VersionLoggerListener.log OS Name:               Mac OS X
10-Apr-2019 17:44:24.546 INFO [main] org.apache.catalina.startup.VersionLoggerListener.log OS Version:            10.13.6
10-Apr-2019 17:44:24.546 INFO [main] org.apache.catalina.startup.VersionLoggerListener.log Architecture:          x86_64
10-Apr-2019 17:44:24.546 INFO [main] org.apache.catalina.startup.VersionLoggerListener.log Java Home:             /Library/Java/JavaVirtualMachines/jdk1.8.0_201.jdk/Contents/Home/jre
10-Apr-2019 17:44:24.546 INFO [main] org.apache.catalina.startup.VersionLoggerListener.log JVM Version:           1.8.0_201-b09
10-Apr-2019 17:44:24.546 INFO [main] org.apache.catalina.startup.VersionLoggerListener.log JVM Vendor:            Oracle Corporation
10-Apr-2019 17:44:24.546 INFO [main] org.apache.catalina.startup.VersionLoggerListener.log CATALINA_BASE:         /Users/edgartrendon/Downloads/apache-tomcat-9.0.17
10-Apr-2019 17:44:24.547 INFO [main] org.apache.catalina.startup.VersionLoggerListener.log CATALINA_HOME:         /Users/edgartrendon/Downloads/apache-tomcat-9.0.17
10-Apr-2019 17:44:24.547 INFO [main] org.apache.catalina.startup.VersionLoggerListener.log Command line argument: -Djava.util.logging.config.file=/Users/edgartrendon/Downloads/apache-tomcat-9.0.17/conf/logging.properties
10-Apr-2019 17:44:24.548 INFO [main] org.apache.catalina.startup.VersionLoggerListener.log Command line argument: -Djava.util.logging.manager=org.apache.juli.ClassLoaderLogManager
10-Apr-2019 17:44:24.548 INFO [main] org.apache.catalina.startup.VersionLoggerListener.log Command line argument: -Djdk.tls.ephemeralDHKeySize=2048
10-Apr-2019 17:44:24.548 INFO [main] org.apache.catalina.startup.VersionLoggerListener.log Command line argument: -Djava.protocol.handler.pkgs=org.apache.catalina.webresources
10-Apr-2019 17:44:24.548 INFO [main] org.apache.catalina.startup.VersionLoggerListener.log Command line argument: -Dorg.apache.catalina.security.SecurityListener.UMASK=0027
10-Apr-2019 17:44:24.548 INFO [main] org.apache.catalina.startup.VersionLoggerListener.log Command line argument: -Dignore.endorsed.dirs=
10-Apr-2019 17:44:24.548 INFO [main] org.apache.catalina.startup.VersionLoggerListener.log Command line argument: -Dcatalina.base=/Users/edgartrendon/Downloads/apache-tomcat-9.0.17
10-Apr-2019 17:44:24.548 INFO [main] org.apache.catalina.startup.VersionLoggerListener.log Command line argument: -Dcatalina.home=/Users/edgartrendon/Downloads/apache-tomcat-9.0.17
10-Apr-2019 17:44:24.548 INFO [main] org.apache.catalina.startup.VersionLoggerListener.log Command line argument: -Djava.io.tmpdir=/Users/edgartrendon/Downloads/apache-tomcat-9.0.17/temp
10-Apr-2019 17:44:24.548 INFO [main] org.apache.catalina.core.AprLifecycleListener.lifecycleEvent The APR based Apache Tomcat Native library which allows optimal performance in production environments was not found on the java.library.path: [/Users/edgartrendon/Library/Java/Extensions:/Library/Java/Extensions:/Network/Library/Java/Extensions:/System/Library/Java/Extensions:/usr/lib/java:.]
10-Apr-2019 17:44:24.655 INFO [main] org.apache.coyote.AbstractProtocol.init Initializing ProtocolHandler ["http-nio-8080"]
10-Apr-2019 17:44:24.684 INFO [main] org.apache.coyote.AbstractProtocol.init Initializing ProtocolHandler ["ajp-nio-8009"]
10-Apr-2019 17:44:24.686 INFO [main] org.apache.catalina.startup.Catalina.load Server initialization in [464] milliseconds
10-Apr-2019 17:44:24.710 INFO [main] org.apache.catalina.core.StandardService.startInternal Starting service [Catalina]
10-Apr-2019 17:44:24.710 INFO [main] org.apache.catalina.core.StandardEngine.startInternal Starting Servlet engine: [Apache Tomcat/9.0.17]
10-Apr-2019 17:44:24.717 INFO [main] org.apache.catalina.startup.HostConfig.deployDirectory Deploying web application directory [/Users/edgartrendon/Downloads/apache-tomcat-9.0.17/webapps/docs]
10-Apr-2019 17:44:24.956 INFO [main] org.apache.catalina.startup.HostConfig.deployDirectory Deployment of web application directory [/Users/edgartrendon/Downloads/apache-tomcat-9.0.17/webapps/docs] has finished in [238] ms
10-Apr-2019 17:44:24.956 INFO [main] org.apache.catalina.startup.HostConfig.deployDirectory Deploying web application directory [/Users/edgartrendon/Downloads/apache-tomcat-9.0.17/webapps/manager]
10-Apr-2019 17:44:24.982 INFO [main] org.apache.catalina.startup.HostConfig.deployDirectory Deployment of web application directory [/Users/edgartrendon/Downloads/apache-tomcat-9.0.17/webapps/manager] has finished in [25] ms
10-Apr-2019 17:44:24.982 INFO [main] org.apache.catalina.startup.HostConfig.deployDirectory Deploying web application directory [/Users/edgartrendon/Downloads/apache-tomcat-9.0.17/webapps/examples]
10-Apr-2019 17:44:25.184 INFO [main] org.apache.catalina.startup.HostConfig.deployDirectory Deployment of web application directory [/Users/edgartrendon/Downloads/apache-tomcat-9.0.17/webapps/examples] has finished in [202] ms
10-Apr-2019 17:44:25.184 INFO [main] org.apache.catalina.startup.HostConfig.deployDirectory Deploying web application directory [/Users/edgartrendon/Downloads/apache-tomcat-9.0.17/webapps/ROOT]
10-Apr-2019 17:44:25.196 INFO [main] org.apache.catalina.startup.HostConfig.deployDirectory Deployment of web application directory [/Users/edgartrendon/Downloads/apache-tomcat-9.0.17/webapps/ROOT] has finished in [12] ms
10-Apr-2019 17:44:25.197 INFO [main] org.apache.catalina.startup.HostConfig.deployDirectory Deploying web application directory [/Users/edgartrendon/Downloads/apache-tomcat-9.0.17/webapps/host-manager]
10-Apr-2019 17:44:25.209 INFO [main] org.apache.catalina.startup.HostConfig.deployDirectory Deployment of web application directory [/Users/edgartrendon/Downloads/apache-tomcat-9.0.17/webapps/host-manager] has finished in [13] ms
10-Apr-2019 17:44:25.211 INFO [main] org.apache.coyote.AbstractProtocol.start Starting ProtocolHandler ["http-nio-8080"]
10-Apr-2019 17:44:25.217 INFO [main] org.apache.coyote.AbstractProtocol.start Starting ProtocolHandler ["ajp-nio-8009"]
10-Apr-2019 17:44:25.219 INFO [main] org.apache.catalina.startup.Catalina.start Server startup in [532] milliseconds
10-Apr-2019 17:45:35.605 INFO [main] org.apache.catalina.core.StandardServer.await A valid shutdown command was received via the shutdown port. Stopping the Server instance.
10-Apr-2019 17:45:35.606 INFO [main] org.apache.coyote.AbstractProtocol.pause Pausing ProtocolHandler ["http-nio-8080"]
10-Apr-2019 17:45:35.615 INFO [main] org.apache.coyote.AbstractProtocol.pause Pausing ProtocolHandler ["ajp-nio-8009"]
10-Apr-2019 17:45:35.623 INFO [main] org.apache.catalina.core.StandardService.stopInternal Stopping service [Catalina]
10-Apr-2019 17:45:35.657 INFO [main] org.apache.coyote.AbstractProtocol.stop Stopping ProtocolHandler ["http-nio-8080"]
10-Apr-2019 17:45:35.658 INFO [main] org.apache.coyote.AbstractProtocol.stop Stopping ProtocolHandler ["ajp-nio-8009"]
10-Apr-2019 17:45:35.659 INFO [main] org.apache.coyote.AbstractProtocol.destroy Destroying ProtocolHandler ["http-nio-8080"]
10-Apr-2019 17:45:35.660 INFO [main] org.apache.coyote.AbstractProtocol.destroy Destroying ProtocolHandler ["ajp-nio-8009"]
10-Apr-2019 17:53:39.898 INFO [main] org.apache.catalina.startup.VersionLoggerListener.log Server version name:   Apache Tomcat/9.0.17
10-Apr-2019 17:53:39.900 INFO [main] org.apache.catalina.startup.VersionLoggerListener.log Server built:          Mar 13 2019 15:55:27 UTC
10-Apr-2019 17:53:39.900 INFO [main] org.apache.catalina.startup.VersionLoggerListener.log Server version number: 9.0.17.0
10-Apr-2019 17:53:39.900 INFO [main] org.apache.catalina.startup.VersionLoggerListener.log OS Name:               Mac OS X
10-Apr-2019 17:53:39.900 INFO [main] org.apache.catalina.startup.VersionLoggerListener.log OS Version:            10.13.6
10-Apr-2019 17:53:39.900 INFO [main] org.apache.catalina.startup.VersionLoggerListener.log Architecture:          x86_64
10-Apr-2019 17:53:39.901 INFO [main] org.apache.catalina.startup.VersionLoggerListener.log Java Home:             /Library/Java/JavaVirtualMachines/jdk1.8.0_201.jdk/Contents/Home/jre
10-Apr-2019 17:53:39.901 INFO [main] org.apache.catalina.startup.VersionLoggerListener.log JVM Version:           1.8.0_201-b09
10-Apr-2019 17:53:39.901 INFO [main] org.apache.catalina.startup.VersionLoggerListener.log JVM Vendor:            Oracle Corporation
10-Apr-2019 17:53:39.901 INFO [main] org.apache.catalina.startup.VersionLoggerListener.log CATALINA_BASE:         /Users/edgartrendon/Downloads/apache-tomcat-9.0.17
10-Apr-2019 17:53:39.901 INFO [main] org.apache.catalina.startup.VersionLoggerListener.log CATALINA_HOME:         /Users/edgartrendon/Downloads/apache-tomcat-9.0.17
10-Apr-2019 17:53:39.902 INFO [main] org.apache.catalina.startup.VersionLoggerListener.log Command line argument: -Djava.util.logging.config.file=/Users/edgartrendon/Downloads/apache-tomcat-9.0.17/conf/logging.properties
10-Apr-2019 17:53:39.902 INFO [main] org.apache.catalina.startup.VersionLoggerListener.log Command line argument: -Djava.util.logging.manager=org.apache.juli.ClassLoaderLogManager
10-Apr-2019 17:53:39.902 INFO [main] org.apache.catalina.startup.VersionLoggerListener.log Command line argument: -Djdk.tls.ephemeralDHKeySize=2048
10-Apr-2019 17:53:39.902 INFO [main] org.apache.catalina.startup.VersionLoggerListener.log Command line argument: -Djava.protocol.handler.pkgs=org.apache.catalina.webresources
10-Apr-2019 17:53:39.902 INFO [main] org.apache.catalina.startup.VersionLoggerListener.log Command line argument: -Dorg.apache.catalina.security.SecurityListener.UMASK=0027
10-Apr-2019 17:53:39.902 INFO [main] org.apache.catalina.startup.VersionLoggerListener.log Command line argument: -Dignore.endorsed.dirs=
10-Apr-2019 17:53:39.902 INFO [main] org.apache.catalina.startup.VersionLoggerListener.log Command line argument: -Dcatalina.base=/Users/edgartrendon/Downloads/apache-tomcat-9.0.17
10-Apr-2019 17:53:39.902 INFO [main] org.apache.catalina.startup.VersionLoggerListener.log Command line argument: -Dcatalina.home=/Users/edgartrendon/Downloads/apache-tomcat-9.0.17
10-Apr-2019 17:53:39.902 INFO [main] org.apache.catalina.startup.VersionLoggerListener.log Command line argument: -Djava.io.tmpdir=/Users/edgartrendon/Downloads/apache-tomcat-9.0.17/temp
10-Apr-2019 17:53:39.903 INFO [main] org.apache.catalina.core.AprLifecycleListener.lifecycleEvent The APR based Apache Tomcat Native library which allows optimal performance in production environments was not found on the java.library.path: [/Users/edgartrendon/Library/Java/Extensions:/Library/Java/Extensions:/Network/Library/Java/Extensions:/System/Library/Java/Extensions:/usr/lib/java:.]
10-Apr-2019 17:53:40.009 INFO [main] org.apache.coyote.AbstractProtocol.init Initializing ProtocolHandler ["http-nio-8080"]
10-Apr-2019 17:53:40.040 INFO [main] org.apache.coyote.AbstractProtocol.init Initializing ProtocolHandler ["ajp-nio-8009"]
10-Apr-2019 17:53:40.042 INFO [main] org.apache.catalina.startup.Catalina.load Server initialization in [460] milliseconds
10-Apr-2019 17:53:40.065 INFO [main] org.apache.catalina.core.StandardService.startInternal Starting service [Catalina]
10-Apr-2019 17:53:40.065 INFO [main] org.apache.catalina.core.StandardEngine.startInternal Starting Servlet engine: [Apache Tomcat/9.0.17]
10-Apr-2019 17:53:40.079 INFO [main] org.apache.catalina.startup.HostConfig.deployWAR Deploying web application archive [/Users/edgartrendon/Downloads/apache-tomcat-9.0.17/webapps/apptInNow.war]
10-Apr-2019 17:53:40.312 SEVERE [main] org.apache.catalina.startup.HostConfig.deployWAR Error deploying web application archive [/Users/edgartrendon/Downloads/apache-tomcat-9.0.17/webapps/apptInNow.war]
 java.lang.IllegalStateException: Error starting child
	at org.apache.catalina.core.ContainerBase.addChildInternal(ContainerBase.java:716)
	at org.apache.catalina.core.ContainerBase.addChild(ContainerBase.java:690)
	at org.apache.catalina.core.StandardHost.addChild(StandardHost.java:695)
	at org.apache.catalina.startup.HostConfig.deployWAR(HostConfig.java:978)
	at org.apache.catalina.startup.HostConfig$DeployWar.run(HostConfig.java:1850)
	at java.util.concurrent.Executors$RunnableAdapter.call(Executors.java:511)
	at java.util.concurrent.FutureTask.run(FutureTask.java:266)
	at org.apache.tomcat.util.threads.InlineExecutorService.execute(InlineExecutorService.java:75)
	at java.util.concurrent.AbstractExecutorService.submit(AbstractExecutorService.java:112)
	at org.apache.catalina.startup.HostConfig.deployWARs(HostConfig.java:773)
	at org.apache.catalina.startup.HostConfig.deployApps(HostConfig.java:427)
	at org.apache.catalina.startup.HostConfig.start(HostConfig.java:1577)
	at org.apache.catalina.startup.HostConfig.lifecycleEvent(HostConfig.java:309)
	at org.apache.catalina.util.LifecycleBase.fireLifecycleEvent(LifecycleBase.java:123)
	at org.apache.catalina.util.LifecycleBase.setStateInternal(LifecycleBase.java:424)
	at org.apache.catalina.util.LifecycleBase.setState(LifecycleBase.java:367)
	at org.apache.catalina.core.ContainerBase.startInternal(ContainerBase.java:929)
	at org.apache.catalina.core.StandardHost.startInternal(StandardHost.java:831)
	at org.apache.catalina.util.LifecycleBase.start(LifecycleBase.java:183)
	at org.apache.catalina.core.ContainerBase$StartChild.call(ContainerBase.java:1377)
	at org.apache.catalina.core.ContainerBase$StartChild.call(ContainerBase.java:1367)
	at java.util.concurrent.FutureTask.run(FutureTask.java:266)
	at org.apache.tomcat.util.threads.InlineExecutorService.execute(InlineExecutorService.java:75)
	at java.util.concurrent.AbstractExecutorService.submit(AbstractExecutorService.java:134)
	at org.apache.catalina.core.ContainerBase.startInternal(ContainerBase.java:902)
	at org.apache.catalina.core.StandardEngine.startInternal(StandardEngine.java:262)
	at org.apache.catalina.util.LifecycleBase.start(LifecycleBase.java:183)
	at org.apache.catalina.core.StandardService.startInternal(StandardService.java:423)
	at org.apache.catalina.util.LifecycleBase.start(LifecycleBase.java:183)
	at org.apache.catalina.core.StandardServer.startInternal(StandardServer.java:928)
	at org.apache.catalina.util.LifecycleBase.start(LifecycleBase.java:183)
	at org.apache.catalina.startup.Catalina.start(Catalina.java:634)
	at sun.reflect.NativeMethodAccessorImpl.invoke0(Native Method)
	at sun.reflect.NativeMethodAccessorImpl.invoke(NativeMethodAccessorImpl.java:62)
	at sun.reflect.DelegatingMethodAccessorImpl.invoke(DelegatingMethodAccessorImpl.java:43)
	at java.lang.reflect.Method.invoke(Method.java:498)
	at org.apache.catalina.startup.Bootstrap.start(Bootstrap.java:350)
	at org.apache.catalina.startup.Bootstrap.main(Bootstrap.java:492)
Caused by: org.apache.catalina.LifecycleException: Failed to start component [StandardEngine[Catalina].StandardHost[localhost].StandardContext[/apptInNow]]
	at org.apache.catalina.util.LifecycleBase.handleSubClassException(LifecycleBase.java:441)
	at org.apache.catalina.util.LifecycleBase.start(LifecycleBase.java:198)
	at org.apache.catalina.core.ContainerBase.addChildInternal(ContainerBase.java:713)
	... 37 more
Caused by: java.lang.IllegalArgumentException: The servlets named [webapp.LoginServlet] and [com.apptInNow.jee.LoginServlet] are both mapped to the url-pattern [/login.do] which is not permitted
	at org.apache.tomcat.util.descriptor.web.WebXml.addServletMappingDecoded(WebXml.java:342)
	at org.apache.tomcat.util.descriptor.web.WebXml.addServletMapping(WebXml.java:335)
	at org.apache.catalina.startup.ContextConfig.processAnnotationWebServlet(ContextConfig.java:2453)
	at org.apache.catalina.startup.ContextConfig.processClass(ContextConfig.java:2129)
	at org.apache.catalina.startup.ContextConfig.processAnnotationsStream(ContextConfig.java:2118)
	at org.apache.catalina.startup.ContextConfig.processAnnotationsWebResource(ContextConfig.java:2010)
	at org.apache.catalina.startup.ContextConfig.processAnnotationsWebResource(ContextConfig.java:2004)
	at org.apache.catalina.startup.ContextConfig.processClasses(ContextConfig.java:1227)
	at org.apache.catalina.startup.ContextConfig.webConfig(ContextConfig.java:1136)
	at org.apache.catalina.startup.ContextConfig.configureStart(ContextConfig.java:768)
	at org.apache.catalina.startup.ContextConfig.lifecycleEvent(ContextConfig.java:301)
	at org.apache.catalina.util.LifecycleBase.fireLifecycleEvent(LifecycleBase.java:123)
	at org.apache.catalina.core.StandardContext.startInternal(StandardContext.java:5048)
	at org.apache.catalina.util.LifecycleBase.start(LifecycleBase.java:183)
	... 38 more

10-Apr-2019 17:53:40.315 INFO [main] org.apache.catalina.startup.HostConfig.deployWAR Deployment of web application archive [/Users/edgartrendon/Downloads/apache-tomcat-9.0.17/webapps/apptInNow.war] has finished in [236] ms
10-Apr-2019 17:53:40.316 INFO [main] org.apache.catalina.startup.HostConfig.deployDirectory Deploying web application directory [/Users/edgartrendon/Downloads/apache-tomcat-9.0.17/webapps/docs]
10-Apr-2019 17:53:40.395 INFO [main] org.apache.catalina.startup.HostConfig.deployDirectory Deployment of web application directory [/Users/edgartrendon/Downloads/apache-tomcat-9.0.17/webapps/docs] has finished in [79] ms
10-Apr-2019 17:53:40.395 INFO [main] org.apache.catalina.startup.HostConfig.deployDirectory Deploying web application directory [/Users/edgartrendon/Downloads/apache-tomcat-9.0.17/webapps/manager]
10-Apr-2019 17:53:40.438 INFO [main] org.apache.catalina.startup.HostConfig.deployDirectory Deployment of web application directory [/Users/edgartrendon/Downloads/apache-tomcat-9.0.17/webapps/manager] has finished in [43] ms
10-Apr-2019 17:53:40.438 INFO [main] org.apache.catalina.startup.HostConfig.deployDirectory Deploying web application directory [/Users/edgartrendon/Downloads/apache-tomcat-9.0.17/webapps/examples]
10-Apr-2019 17:53:40.623 INFO [main] org.apache.catalina.startup.HostConfig.deployDirectory Deployment of web application directory [/Users/edgartrendon/Downloads/apache-tomcat-9.0.17/webapps/examples] has finished in [185] ms
10-Apr-2019 17:53:40.623 INFO [main] org.apache.catalina.startup.HostConfig.deployDirectory Deploying web application directory [/Users/edgartrendon/Downloads/apache-tomcat-9.0.17/webapps/ROOT]
10-Apr-2019 17:53:40.634 INFO [main] org.apache.catalina.startup.HostConfig.deployDirectory Deployment of web application directory [/Users/edgartrendon/Downloads/apache-tomcat-9.0.17/webapps/ROOT] has finished in [11] ms
10-Apr-2019 17:53:40.634 INFO [main] org.apache.catalina.startup.HostConfig.deployDirectory Deploying web application directory [/Users/edgartrendon/Downloads/apache-tomcat-9.0.17/webapps/host-manager]
10-Apr-2019 17:53:40.647 INFO [main] org.apache.catalina.startup.HostConfig.deployDirectory Deployment of web application directory [/Users/edgartrendon/Downloads/apache-tomcat-9.0.17/webapps/host-manager] has finished in [13] ms
10-Apr-2019 17:53:40.650 INFO [main] org.apache.coyote.AbstractProtocol.start Starting ProtocolHandler ["http-nio-8080"]
10-Apr-2019 17:53:40.656 INFO [main] org.apache.coyote.AbstractProtocol.start Starting ProtocolHandler ["ajp-nio-8009"]
10-Apr-2019 17:53:40.657 INFO [main] org.apache.catalina.startup.Catalina.start Server startup in [615] milliseconds
10-Apr-2019 18:02:31.496 INFO [main] org.apache.catalina.core.StandardServer.await A valid shutdown command was received via the shutdown port. Stopping the Server instance.
10-Apr-2019 18:02:31.497 INFO [main] org.apache.coyote.AbstractProtocol.pause Pausing ProtocolHandler ["http-nio-8080"]
10-Apr-2019 18:02:31.506 INFO [main] org.apache.coyote.AbstractProtocol.pause Pausing ProtocolHandler ["ajp-nio-8009"]
10-Apr-2019 18:02:31.513 INFO [main] org.apache.catalina.core.StandardService.stopInternal Stopping service [Catalina]
10-Apr-2019 18:02:31.580 INFO [main] org.apache.coyote.AbstractProtocol.stop Stopping ProtocolHandler ["http-nio-8080"]
10-Apr-2019 18:02:31.582 INFO [main] org.apache.coyote.AbstractProtocol.stop Stopping ProtocolHandler ["ajp-nio-8009"]
10-Apr-2019 18:02:31.583 INFO [main] org.apache.coyote.AbstractProtocol.destroy Destroying ProtocolHandler ["http-nio-8080"]
10-Apr-2019 18:02:31.583 INFO [main] org.apache.coyote.AbstractProtocol.destroy Destroying ProtocolHandler ["ajp-nio-8009"]
