24-Apr-2019 18:01:04.221 INFO [main] org.apache.catalina.startup.VersionLoggerListener.log Server version name:   Apache Tomcat/9.0.17
24-Apr-2019 18:01:04.224 INFO [main] org.apache.catalina.startup.VersionLoggerListener.log Server built:          Mar 13 2019 15:55:27 UTC
24-Apr-2019 18:01:04.224 INFO [main] org.apache.catalina.startup.VersionLoggerListener.log Server version number: 9.0.17.0
24-Apr-2019 18:01:04.224 INFO [main] org.apache.catalina.startup.VersionLoggerListener.log OS Name:               Mac OS X
24-Apr-2019 18:01:04.224 INFO [main] org.apache.catalina.startup.VersionLoggerListener.log OS Version:            10.13.6
24-Apr-2019 18:01:04.224 INFO [main] org.apache.catalina.startup.VersionLoggerListener.log Architecture:          x86_64
24-Apr-2019 18:01:04.224 INFO [main] org.apache.catalina.startup.VersionLoggerListener.log Java Home:             /Library/Java/JavaVirtualMachines/jdk1.8.0_201.jdk/Contents/Home/jre
24-Apr-2019 18:01:04.224 INFO [main] org.apache.catalina.startup.VersionLoggerListener.log JVM Version:           1.8.0_201-b09
24-Apr-2019 18:01:04.224 INFO [main] org.apache.catalina.startup.VersionLoggerListener.log JVM Vendor:            Oracle Corporation
24-Apr-2019 18:01:04.224 INFO [main] org.apache.catalina.startup.VersionLoggerListener.log CATALINA_BASE:         /Users/edgartrendon/Downloads/apache-tomcat-9.0.17
24-Apr-2019 18:01:04.225 INFO [main] org.apache.catalina.startup.VersionLoggerListener.log CATALINA_HOME:         /Users/edgartrendon/Downloads/apache-tomcat-9.0.17
24-Apr-2019 18:01:04.225 INFO [main] org.apache.catalina.startup.VersionLoggerListener.log Command line argument: -Djava.util.logging.config.file=/Users/edgartrendon/Downloads/apache-tomcat-9.0.17/conf/logging.properties
24-Apr-2019 18:01:04.225 INFO [main] org.apache.catalina.startup.VersionLoggerListener.log Command line argument: -Djava.util.logging.manager=org.apache.juli.ClassLoaderLogManager
24-Apr-2019 18:01:04.225 INFO [main] org.apache.catalina.startup.VersionLoggerListener.log Command line argument: -Djdk.tls.ephemeralDHKeySize=2048
24-Apr-2019 18:01:04.226 INFO [main] org.apache.catalina.startup.VersionLoggerListener.log Command line argument: -Djava.protocol.handler.pkgs=org.apache.catalina.webresources
24-Apr-2019 18:01:04.226 INFO [main] org.apache.catalina.startup.VersionLoggerListener.log Command line argument: -Dorg.apache.catalina.security.SecurityListener.UMASK=0027
24-Apr-2019 18:01:04.226 INFO [main] org.apache.catalina.startup.VersionLoggerListener.log Command line argument: -Dignore.endorsed.dirs=
24-Apr-2019 18:01:04.226 INFO [main] org.apache.catalina.startup.VersionLoggerListener.log Command line argument: -Dcatalina.base=/Users/edgartrendon/Downloads/apache-tomcat-9.0.17
24-Apr-2019 18:01:04.226 INFO [main] org.apache.catalina.startup.VersionLoggerListener.log Command line argument: -Dcatalina.home=/Users/edgartrendon/Downloads/apache-tomcat-9.0.17
24-Apr-2019 18:01:04.226 INFO [main] org.apache.catalina.startup.VersionLoggerListener.log Command line argument: -Djava.io.tmpdir=/Users/edgartrendon/Downloads/apache-tomcat-9.0.17/temp
24-Apr-2019 18:01:04.226 INFO [main] org.apache.catalina.core.AprLifecycleListener.lifecycleEvent The APR based Apache Tomcat Native library which allows optimal performance in production environments was not found on the java.library.path: [/Users/edgartrendon/Library/Java/Extensions:/Library/Java/Extensions:/Network/Library/Java/Extensions:/System/Library/Java/Extensions:/usr/lib/java:.]
24-Apr-2019 18:01:04.394 INFO [main] org.apache.coyote.AbstractProtocol.init Initializing ProtocolHandler ["http-nio-8080"]
24-Apr-2019 18:01:04.433 INFO [main] org.apache.coyote.AbstractProtocol.init Initializing ProtocolHandler ["ajp-nio-8009"]
24-Apr-2019 18:01:04.435 INFO [main] org.apache.catalina.startup.Catalina.load Server initialization in [663] milliseconds
24-Apr-2019 18:01:04.465 INFO [main] org.apache.catalina.core.StandardService.startInternal Starting service [Catalina]
24-Apr-2019 18:01:04.465 INFO [main] org.apache.catalina.core.StandardEngine.startInternal Starting Servlet engine: [Apache Tomcat/9.0.17]
24-Apr-2019 18:01:04.483 INFO [main] org.apache.catalina.startup.HostConfig.deployWAR Deploying web application archive [/Users/edgartrendon/Downloads/apache-tomcat-9.0.17/webapps/apptInNow.war]
24-Apr-2019 18:01:05.389 INFO [main] org.apache.jasper.servlet.TldScanner.scanJars At least one JAR was scanned for TLDs yet contained no TLDs. Enable debug logging for this logger for a complete list of JARs that were scanned but no TLDs were found in them. Skipping unneeded JARs during scanning can improve startup time and JSP compilation time.
24-Apr-2019 18:01:05.558 INFO [main] org.springframework.web.servlet.DispatcherServlet.initServletBean FrameworkServlet 'dispatcher': initialization started
24-Apr-2019 18:01:05.579 INFO [main] org.springframework.web.context.support.XmlWebApplicationContext.prepareRefresh Refreshing WebApplicationContext for namespace 'dispatcher-servlet': startup date [Wed Apr 24 18:01:05 PDT 2019]; root of context hierarchy
24-Apr-2019 18:01:05.619 INFO [main] org.springframework.beans.factory.xml.XmlBeanDefinitionReader.loadBeanDefinitions Loading XML bean definitions from ServletContext resource [/WEB-INF/todo-servlet.xml]
24-Apr-2019 18:01:06.184 INFO [main] org.springframework.web.servlet.mvc.method.annotation.RequestMappingHandlerAdapter.initControllerAdviceCache Looking for @ControllerAdvice: WebApplicationContext for namespace 'dispatcher-servlet': startup date [Wed Apr 24 18:01:05 PDT 2019]; root of context hierarchy
24-Apr-2019 18:01:06.228 INFO [main] org.springframework.web.servlet.mvc.method.annotation.RequestMappingHandlerAdapter.initControllerAdviceCache Looking for @ControllerAdvice: WebApplicationContext for namespace 'dispatcher-servlet': startup date [Wed Apr 24 18:01:05 PDT 2019]; root of context hierarchy
24-Apr-2019 18:01:06.308 INFO [main] org.springframework.web.servlet.DispatcherServlet.initServletBean FrameworkServlet 'dispatcher': initialization completed in 749 ms
24-Apr-2019 18:01:06.318 INFO [main] org.apache.catalina.startup.HostConfig.deployWAR Deployment of web application archive [/Users/edgartrendon/Downloads/apache-tomcat-9.0.17/webapps/apptInNow.war] has finished in [1,835] ms
24-Apr-2019 18:01:06.318 INFO [main] org.apache.catalina.startup.HostConfig.deployDirectory Deploying web application directory [/Users/edgartrendon/Downloads/apache-tomcat-9.0.17/webapps/docs]
24-Apr-2019 18:01:06.334 INFO [main] org.apache.catalina.startup.HostConfig.deployDirectory Deployment of web application directory [/Users/edgartrendon/Downloads/apache-tomcat-9.0.17/webapps/docs] has finished in [15] ms
24-Apr-2019 18:01:06.334 INFO [main] org.apache.catalina.startup.HostConfig.deployDirectory Deploying web application directory [/Users/edgartrendon/Downloads/apache-tomcat-9.0.17/webapps/manager]
24-Apr-2019 18:01:06.374 INFO [main] org.apache.catalina.startup.HostConfig.deployDirectory Deployment of web application directory [/Users/edgartrendon/Downloads/apache-tomcat-9.0.17/webapps/manager] has finished in [40] ms
24-Apr-2019 18:01:06.374 INFO [main] org.apache.catalina.startup.HostConfig.deployDirectory Deploying web application directory [/Users/edgartrendon/Downloads/apache-tomcat-9.0.17/webapps/examples]
24-Apr-2019 18:01:06.573 INFO [main] org.apache.catalina.startup.HostConfig.deployDirectory Deployment of web application directory [/Users/edgartrendon/Downloads/apache-tomcat-9.0.17/webapps/examples] has finished in [199] ms
24-Apr-2019 18:01:06.574 INFO [main] org.apache.catalina.startup.HostConfig.deployDirectory Deploying web application directory [/Users/edgartrendon/Downloads/apache-tomcat-9.0.17/webapps/ROOT]
24-Apr-2019 18:01:06.587 INFO [main] org.apache.catalina.startup.HostConfig.deployDirectory Deployment of web application directory [/Users/edgartrendon/Downloads/apache-tomcat-9.0.17/webapps/ROOT] has finished in [12] ms
24-Apr-2019 18:01:06.587 INFO [main] org.apache.catalina.startup.HostConfig.deployDirectory Deploying web application directory [/Users/edgartrendon/Downloads/apache-tomcat-9.0.17/webapps/host-manager]
24-Apr-2019 18:01:06.602 INFO [main] org.apache.catalina.startup.HostConfig.deployDirectory Deployment of web application directory [/Users/edgartrendon/Downloads/apache-tomcat-9.0.17/webapps/host-manager] has finished in [15] ms
24-Apr-2019 18:01:06.605 INFO [main] org.apache.coyote.AbstractProtocol.start Starting ProtocolHandler ["http-nio-8080"]
24-Apr-2019 18:01:06.611 INFO [main] org.apache.coyote.AbstractProtocol.start Starting ProtocolHandler ["ajp-nio-8009"]
24-Apr-2019 18:01:06.613 INFO [main] org.apache.catalina.startup.Catalina.start Server startup in [2,177] milliseconds
24-Apr-2019 18:05:46.180 WARNING [http-nio-8080-exec-2] org.springframework.web.servlet.PageNotFound.noHandlerFound No mapping found for HTTP request with URI [/apptInNow/spring-mvc/login.do] in DispatcherServlet with name 'dispatcher'
24-Apr-2019 18:41:48.383 INFO [main] org.apache.catalina.core.StandardServer.await A valid shutdown command was received via the shutdown port. Stopping the Server instance.
24-Apr-2019 18:41:48.384 INFO [main] org.apache.coyote.AbstractProtocol.pause Pausing ProtocolHandler ["http-nio-8080"]
24-Apr-2019 18:41:48.395 INFO [main] org.apache.coyote.AbstractProtocol.pause Pausing ProtocolHandler ["ajp-nio-8009"]
24-Apr-2019 18:41:48.402 INFO [main] org.apache.catalina.core.StandardService.stopInternal Stopping service [Catalina]
24-Apr-2019 18:41:48.419 INFO [main] org.springframework.web.context.support.XmlWebApplicationContext.doClose Closing WebApplicationContext for namespace 'dispatcher-servlet': startup date [Wed Apr 24 18:01:05 PDT 2019]; root of context hierarchy
24-Apr-2019 18:41:48.428 INFO [main] org.apache.coyote.AbstractProtocol.stop Stopping ProtocolHandler ["http-nio-8080"]
24-Apr-2019 18:41:48.430 INFO [main] org.apache.coyote.AbstractProtocol.stop Stopping ProtocolHandler ["ajp-nio-8009"]
24-Apr-2019 18:41:48.431 INFO [main] org.apache.coyote.AbstractProtocol.destroy Destroying ProtocolHandler ["http-nio-8080"]
24-Apr-2019 18:41:48.431 INFO [main] org.apache.coyote.AbstractProtocol.destroy Destroying ProtocolHandler ["ajp-nio-8009"]
